TN:
SF:C:\Users\IFEANYICHUKWU\repos\Banka-App\api/app.js
FN:11,(anonymous_1)
FNF:1
FNH:1
FNDA:1,(anonymous_1)
DA:1,1
DA:5,1
DA:6,1
DA:11,1
DA:12,1
DA:15,1
LF:6
LH:6
BRDA:6,0,0,1
BRDA:6,0,1,1
BRF:2
BRH:2
end_of_record
TN:
SF:C:\Users\IFEANYICHUKWU\repos\Banka-App\api\models/user.js
FN:2,User
FNF:1
FNH:1
FNDA:1,User
DA:2,3
DA:3,1
DA:4,1
DA:5,1
DA:6,1
DA:7,1
DA:8,1
DA:12,2
DA:16,1
DA:20,1
LF:10
LH:10
BRDA:2,0,0,1
BRDA:2,0,1,0
BRDA:2,1,0,1
BRDA:2,1,1,1
BRDA:2,2,0,0
BRDA:2,2,1,1
BRDA:2,3,0,0
BRDA:2,3,1,1
BRF:8
BRH:5
end_of_record
